<?xml version="1.0" encoding="UTF-8"?>
<!-- Generated by org.testng.reporters.JUnitReportReporter -->
<testsuite hostname="DESKTOP-DK3M5FC" failures="0" tests="5" name="com.Practice.AnnotationsTest" time="0.016" errors="0" timestamp="2024-11-19T14:40:24 IST" skipped="0">
  <testcase classname="com.Practice.AnnotationsTest" name="TestMethod" time="0.002"/>
  <testcase classname="com.Practice.AnnotationsTest" name="TestMethod" time="0.002"/>
  <testcase classname="com.Practice.AnnotationsTest" name="TestMethod" time="0.003"/>
  <testcase classname="com.Practice.AnnotationsTest" name="TestMethod" time="0.002"/>
  <testcase classname="com.Practice.AnnotationsTest" name="TestMethod" time="0.007"/>
</testsuite> <!-- com.Practice.AnnotationsTest -->
