<?xml version="1.0" encoding="UTF-8"?>
<!-- Generated by org.testng.reporters.JUnitReportReporter -->
<testsuite hostname="DESKTOP-DK3M5FC" failures="0" tests="2" name="com.Practice.ExtentReportHandsonTest" time="0.138" errors="0" timestamp="2025-08-22T19:09:05 IST" skipped="0">
  <testcase classname="com.Practice.ExtentReportHandsonTest" name="checkGoogleSearchButton" time="0.115"/>
  <testcase classname="com.Practice.ExtentReportHandsonTest" name="getTitle" time="0.023"/>
</testsuite> <!-- com.Practice.ExtentReportHandsonTest -->
